<?xml version="1.0" encoding="UTF-8"?>
<!-- Generated by org.testng.reporters.JUnitXMLReporter -->
<testsuite ignored="0" hostname="Vrrusali" failures="0" tests="11" name="Default test" time="32.416" errors="0" timestamp="20 Mar 2025 19:22:59 GMT">
  <testcase classname="com.qa.practice.test.SignupPageTest" name="SignupLoginClickTest" time="3.039"/>
  <testcase classname="com.qa.practice.test.SignupPageTest" name="doSignUp" time="3.813"/>
  <testcase classname="com.qa.practice.test.SignupPageTest" name="SignupPageTitleTest" time="0.022"/>
  <testcase classname="com.qa.practice.test.SignupPageTest" name="SignupPageURLTest" time="0.015"/>
  <testcase classname="com.qa.practice.test.SignupPageTest" name="EntAcntInfoText" time="0.075"/>
  <testcase classname="com.qa.practice.test.SignupPageTest" name="CreateAccntTest" time="5.592"/>
  <testcase classname="com.qa.practice.test.SignupPageTest" name="AcntcreatedPageTitleTest" time="0.022"/>
  <testcase classname="com.qa.practice.test.SignupPageTest" name="AccntcreatedPageURLTest" time="0.013"/>
  <testcase classname="com.qa.practice.test.SignupPageTest" name="AccntcrtedtxtTest" time="0.031"/>
  <testcase classname="com.qa.practice.test.SignupPageTest" name="AcntcrtedtxtValTest" time="0.11"/>
  <testcase classname="com.qa.practice.test.SignupPageTest" name="ContiBtnclickTest" time="4.802"/>
</testsuite> <!-- Default test -->
