<?xml version="1.0" encoding="UTF-8"?>
<testng-results ignored="0" total="11" passed="11" failed="0" skipped="0">
  <reporter-output>
  </reporter-output>
  <suite started-at="2025-03-20T19:22:27Z" name="Default suite" finished-at="2025-03-20T19:22:59Z" duration-ms="32416">
    <groups>
    </groups>
    <test started-at="2025-03-20T19:22:27Z" name="Default test" finished-at="2025-03-20T19:22:59Z" duration-ms="32416">
      <class name="com.qa.practice.test.SignupPageTest">
        <test-method is-config="true" signature="setup()[pri:0, instance:com.qa.practice.test.SignupPageTest@60015ef5]" started-at="2025-03-20T19:22:27Z" name="setup" finished-at="2025-03-20T19:22:41Z" duration-ms="14810" status="PASS">
          <reporter-output>
          </reporter-output>
        </test-method> <!-- setup -->
        <test-method signature="SignupLoginClickTest()[pri:1, instance:com.qa.practice.test.SignupPageTest@60015ef5]" started-at="2025-03-20T19:22:41Z" name="SignupLoginClickTest" finished-at="2025-03-20T19:22:44Z" duration-ms="3039" status="PASS">
          <reporter-output>
          </reporter-output>
        </test-method> <!-- SignupLoginClickTest -->
        <test-method signature="doSignUp()[pri:2, instance:com.qa.practice.test.SignupPageTest@60015ef5]" started-at="2025-03-20T19:22:44Z" name="doSignUp" finished-at="2025-03-20T19:22:48Z" duration-ms="3813" status="PASS">
          <reporter-output>
          </reporter-output>
        </test-method> <!-- doSignUp -->
        <test-method signature="SignupPageTitleTest()[pri:3, instance:com.qa.practice.test.SignupPageTest@60015ef5]" started-at="2025-03-20T19:22:48Z" name="SignupPageTitleTest" finished-at="2025-03-20T19:22:48Z" duration-ms="22" status="PASS">
          <reporter-output>
          </reporter-output>
        </test-method> <!-- SignupPageTitleTest -->
        <test-method signature="SignupPageURLTest()[pri:4, instance:com.qa.practice.test.SignupPageTest@60015ef5]" started-at="2025-03-20T19:22:48Z" name="SignupPageURLTest" finished-at="2025-03-20T19:22:48Z" duration-ms="15" status="PASS">
          <reporter-output>
          </reporter-output>
        </test-method> <!-- SignupPageURLTest -->
        <test-method signature="EntAcntInfoText()[pri:5, instance:com.qa.practice.test.SignupPageTest@60015ef5]" started-at="2025-03-20T19:22:48Z" name="EntAcntInfoText" finished-at="2025-03-20T19:22:48Z" duration-ms="75" status="PASS">
          <reporter-output>
          </reporter-output>
        </test-method> <!-- EntAcntInfoText -->
        <test-method signature="CreateAccntTest()[pri:6, instance:com.qa.practice.test.SignupPageTest@60015ef5]" started-at="2025-03-20T19:22:48Z" name="CreateAccntTest" finished-at="2025-03-20T19:22:54Z" duration-ms="5592" status="PASS">
          <reporter-output>
          </reporter-output>
        </test-method> <!-- CreateAccntTest -->
        <test-method signature="AcntcreatedPageTitleTest()[pri:7, instance:com.qa.practice.test.SignupPageTest@60015ef5]" started-at="2025-03-20T19:22:54Z" name="AcntcreatedPageTitleTest" finished-at="2025-03-20T19:22:54Z" duration-ms="22" status="PASS">
          <reporter-output>
          </reporter-output>
        </test-method> <!-- AcntcreatedPageTitleTest -->
        <test-method signature="AccntcreatedPageURLTest()[pri:8, instance:com.qa.practice.test.SignupPageTest@60015ef5]" started-at="2025-03-20T19:22:54Z" name="AccntcreatedPageURLTest" finished-at="2025-03-20T19:22:54Z" duration-ms="13" status="PASS">
          <reporter-output>
          </reporter-output>
        </test-method> <!-- AccntcreatedPageURLTest -->
        <test-method signature="AccntcrtedtxtTest()[pri:9, instance:com.qa.practice.test.SignupPageTest@60015ef5]" started-at="2025-03-20T19:22:54Z" name="AccntcrtedtxtTest" finished-at="2025-03-20T19:22:54Z" duration-ms="31" status="PASS">
          <reporter-output>
          </reporter-output>
        </test-method> <!-- AccntcrtedtxtTest -->
        <test-method signature="AcntcrtedtxtValTest()[pri:10, instance:com.qa.practice.test.SignupPageTest@60015ef5]" started-at="2025-03-20T19:22:54Z" name="AcntcrtedtxtValTest" finished-at="2025-03-20T19:22:54Z" duration-ms="110" status="PASS">
          <reporter-output>
          </reporter-output>
        </test-method> <!-- AcntcrtedtxtValTest -->
        <test-method signature="ContiBtnclickTest()[pri:11, instance:com.qa.practice.test.SignupPageTest@60015ef5]" started-at="2025-03-20T19:22:54Z" name="ContiBtnclickTest" finished-at="2025-03-20T19:22:59Z" duration-ms="4802" status="PASS">
          <reporter-output>
          </reporter-output>
        </test-method> <!-- ContiBtnclickTest -->
      </class> <!-- com.qa.practice.test.SignupPageTest -->
    </test> <!-- Default test -->
  </suite> <!-- Default suite -->
</testng-results>
